<?xml version="1.0" encoding="UTF-8"?>
<testsuites name="jest tests" tests="4" failures="0" errors="0" time="7.818">
  <testsuite name="undefined" errors="0" failures="0" skipped="0" timestamp="2025-09-02T16:19:20" time="4.723" tests="4">
    <testcase classname=" Add item to cart" name=" Add item to cart" time="0.424">
    </testcase>
    <testcase classname=" Update quantity in cart" name=" Update quantity in cart" time="0.196">
    </testcase>
    <testcase classname=" Remove item from cart" name=" Remove item from cart" time="0.111">
    </testcase>
    <testcase classname=" Performs Series of Actions" name=" Performs Series of Actions" time="0.289">
    </testcase>
  </testsuite>
</testsuites>