<?xml version="1.0" encoding="UTF-8"?>
<testsuites name="jest tests" tests="4" failures="0" errors="0" time="6.923">
  <testsuite name="undefined" errors="0" failures="0" skipped="0" timestamp="2025-09-03T09:08:29" time="4.388" tests="4">
    <testcase classname=" Add item to cart" name=" Add item to cart" time="0.311">
    </testcase>
    <testcase classname=" Update quantity in cart" name=" Update quantity in cart" time="0.199">
    </testcase>
    <testcase classname=" Remove item from cart" name=" Remove item from cart" time="0.079">
    </testcase>
    <testcase classname=" Performs Series of Actions" name=" Performs Series of Actions" time="0.164">
    </testcase>
  </testsuite>
</testsuites>