<?xml version="1.0" encoding="UTF-8"?>
<testsuites name="jest tests" tests="4" failures="0" errors="0" time="9.474">
  <testsuite name="undefined" errors="0" failures="0" skipped="0" timestamp="2025-09-06T22:29:00" time="5.092" tests="4">
    <testcase classname=" Add item to cart" name=" Add item to cart" time="0.127">
    </testcase>
    <testcase classname=" Update quantity in cart" name=" Update quantity in cart" time="0.087">
    </testcase>
    <testcase classname=" Remove item from cart" name=" Remove item from cart" time="0.077">
    </testcase>
    <testcase classname=" Performs Series of Actions" name=" Performs Series of Actions" time="0.186">
    </testcase>
  </testsuite>
</testsuites>