<?xml version="1.0" encoding="UTF-8"?>
<testsuites name="jest tests" tests="5" failures="0" errors="0" time="3.551">
  <testsuite name="undefined" errors="0" failures="0" skipped="0" timestamp="2025-09-02T06:14:53" time="2.113" tests="5">
    <testcase classname=" Should Add item to cart" name=" Should Add item to cart" time="0.128">
    </testcase>
    <testcase classname=" Should Calculate correct price before selecting coupon" name=" Should Calculate correct price before selecting coupon" time="0.039">
    </testcase>
    <testcase classname=" Should calculate discounts on selecting a coupon" name=" Should calculate discounts on selecting a coupon" time="0.036">
    </testcase>
    <testcase classname=" Should recalculate prices when item is removed from cart" name=" Should recalculate prices when item is removed from cart" time="0.06">
    </testcase>
    <testcase classname=" Should recalculate prices when coupon is changed" name=" Should recalculate prices when coupon is changed" time="0.056">
    </testcase>
  </testsuite>
</testsuites>